AstroByte (AWAY: last seen at 06:59)
AstroDreamer (ONLINE)
AstroDreamer56 (AWAY: last seen at 09:57)
AstroDreamer69 (OFFLINE: last seen at 10:17)
AstroJolt (ONLINE)
AstroNinja91 (ONLINE)
AstroQuest (OFFLINE: last seen at 04:05)
AstroRider66 (ONLINE)
AstroSpark70 (AWAY: last seen 2 days ago)
AstroSurfer (ONLINE)
AstroWave74 (ONLINE)
ByteByte (ONLINE)
ByteByte13 (ONLINE)
ByteByte50 (ONLINE)
ByteDreamer13 (ONLINE)
ByteJolt (ONLINE)
ByteJolt22 (ONLINE)
ByteScribe45 (ONLINE)
ByteSpark (OFFLINE: last seen at 00:01)
ByteSpark65 (AWAY: last seen 1 days ago)
ByteSpark71 (OFFLINE: last seen at 10:51)
CloudFlow21 (OFFLINE: last seen at 11:59)
CloudJolt16 (AWAY: last seen 1 days ago)
CloudNinja (AWAY: last seen at 07:52)
CloudPilot79 (AWAY: last seen 1 days ago)
CloudScribe25 (ONLINE)
CloudSpark (OFFLINE: last seen at 01:16)
CloudSurfer73 (OFFLINE: last seen at 08:10)
CloudWave (AWAY: last seen at 11:40)
CloudWave46 (AWAY: last seen 1 days ago)
CodeDreamer78 (OFFLINE: last seen at 03:16)
CodeNinja18 (OFFLINE: last seen at 06:03)
CodePilot (ONLINE)
CodeQuest79 (OFFLINE: last seen at 08:15)
CodeScribe (ONLINE)
CodeSpark (ONLINE)
CodeWave (AWAY: last seen at 00:07)
CyberFlow (AWAY: last seen at 11:28)
CyberHunter (AWAY: last seen at 01:58)
CyberHunter22 (ONLINE)
CyberMage14 (OFFLINE: last seen at 03:03)
CyberPioneer88 (OFFLINE: last seen at 11:38)
CyberQuest93 (AWAY: last seen at 10:39)
CyberRider (OFFLINE: last seen 1 days ago)
CyberWave (OFFLINE: last seen at 10:03)
CyberWave79 (OFFLINE: last seen at 10:15)
DataFlow (ONLINE)
DataJolt (OFFLINE: last seen at 11:53)
DataMage94 (OFFLINE: last seen at 11:45)
DataMage98 (AWAY: last seen 1 days ago)
DataNinja (AWAY: last seen at 03:02)
DataPilot (AWAY: last seen 1 days ago)
DataScribe (OFFLINE: last seen at 08:35)
DataScribe71 (ONLINE)
DataScribe78 (ONLINE)
EchoFlow11 (ONLINE)
EchoFlow61 (OFFLINE: last seen at 11:18)
EchoHunter10 (OFFLINE: last seen 1 days ago)
EchoHunter58 (AWAY: last seen at 02:01)
EchoNinja (OFFLINE: last seen at 02:35)
EchoPioneer (OFFLINE: last seen at 06:26)
EchoQuest88 (AWAY: last seen at 11:07)
EchoSurfer (AWAY: last seen at 03:40)
LogicHunter44 (ONLINE)
LogicNinja (ONLINE)
LogicPilot (ONLINE)
LogicPioneer10 (AWAY: last seen at 02:33)
LogicSpark (ONLINE)
LogicSurfer (ONLINE)
LogicSurfer60 (ONLINE)
NanoHunter (ONLINE)
NanoHunter18 (ONLINE)
NanoMage86 (OFFLINE: last seen 1 days ago)
NanoQuest80 (AWAY: last seen at 05:59)
NanoSpark (ONLINE)
NanoSpark41 (ONLINE)
NanoSurfer46 (ONLINE)
NanoWave (ONLINE)
NanoWave70 (ONLINE)
PixelByte (OFFLINE: last seen at 02:04)
PixelByte93 (OFFLINE: last seen at 07:10)
PixelDreamer46 (OFFLINE: last seen at 11:31)
PixelFlow (AWAY: last seen at 10:18)
PixelMage (AWAY: last seen at 03:24)
PixelNinja (ONLINE)
PixelNinja15 (AWAY: last seen at 08:50)
PixelNinja38 (AWAY: last seen at 01:54)
PixelPilot88 (OFFLINE: last seen at 10:23)
PixelPioneer (AWAY: last seen at 11:57)
PixelQuest (AWAY: last seen at 09:22)
PixelWave95 (AWAY: last seen at 10:57)
QuantumFlow (ONLINE)
QuantumFlow92 (OFFLINE: last seen 1 days ago)
QuantumHunter (ONLINE)
QuantumHunter21 (ONLINE)
QuantumPioneer (ONLINE)
QuantumQuest (AWAY: last seen at 11:48)
QuantumRider39 (OFFLINE: last seen at 03:39)
QuantumScribe (ONLINE)
QuantumSurfer (OFFLINE: last seen at 10:50)
QuantumSurfer77 (ONLINE)
RoboByte (AWAY: last seen at 05:47)
RoboPilot (OFFLINE: last seen at 08:56)
RoboPilot23 (AWAY: last seen at 10:28)
RoboPioneer (ONLINE)
RoboPioneer25 (OFFLINE: last seen at 11:34)
RoboSurfer (OFFLINE: last seen at 09:47)
StarDreamer (ONLINE)
StarFlow (ONLINE)
StarMage (ONLINE)
StarMage76 (OFFLINE: last seen at 07:22)
StarPilot (OFFLINE: last seen at 09:51)
StarPioneer (AWAY: last seen at 05:29)
StarQuest (OFFLINE: last seen at 07:21)
StarSpark (AWAY: last seen at 08:47)
StarSurfer16 (AWAY: last seen 1 days ago)
SynthDreamer (OFFLINE: last seen at 02:31)
SynthScribe14 (ONLINE)
SynthSurfer (AWAY: last seen at 00:55)
TechDreamer (ONLINE)
TechFlow30 (ONLINE)
TechMage34 (ONLINE)
TechMage43 (OFFLINE: last seen at 10:04)
TechPioneer (ONLINE)
TechQuest95 (ONLINE)
TechRider74 (OFFLINE: last seen at 08:51)
TechScribe12 (OFFLINE: last seen at 07:41)
TechSpark62 (AWAY: last seen at 08:43)
