AstroByte (ONLINE)
AstroByte18 (ONLINE)
AstroByte87 (ONLINE)
AstroDreamer91 (ONLINE)
AstroFlow (OFFLINE: last seen at 04:17)
AstroFlow59 (ONLINE)
AstroHunter (ONLINE)
AstroJolt26 (OFFLINE: last seen 1 days ago)
AstroJolt37 (ONLINE)
AstroMage (ONLINE)
AstroMage61 (OFFLINE: last seen 1 days ago)
AstroNinja (AWAY: last seen at 05:30)
AstroPilot (ONLINE)
AstroPilot13 (ONLINE)
AstroPilot95 (ONLINE)
AstroPioneer26 (ONLINE)
AstroPioneer27 (ONLINE)
AstroQuest (ONLINE)
AstroRider (ONLINE)
AstroRider23 (AWAY: last seen 2 days ago)
AstroRider29 (ONLINE)
AstroRider52 (ONLINE)
AstroRider54 (ONLINE)
AstroScribe (ONLINE)
AstroScribe43 (ONLINE)
AstroScribe51 (ONLINE)
AstroSpark (ONLINE)
AstroSpark90 (AWAY: last seen at 06:34)
AstroSurfer41 (ONLINE)
AstroWave (ONLINE)
AstroWave83 (OFFLINE: last seen 1 days ago)
ByteByte67 (OFFLINE: last seen 1 days ago)
ByteByte98 (OFFLINE: last seen 1 days ago)
ByteDreamer (OFFLINE: last seen at 07:47)
ByteDreamer24 (AWAY: last seen 1 days ago)
ByteDreamer27 (ONLINE)
ByteDreamer48 (ONLINE)
ByteFlow (ONLINE)
ByteHunter (ONLINE)
ByteJolt (ONLINE)
ByteMage (ONLINE)
ByteMage38 (OFFLINE: last seen at 06:17)
ByteMage39 (ONLINE)
ByteMage45 (ONLINE)
ByteNinja (OFFLINE: last seen 2 days ago)
BytePilot (ONLINE)
BytePioneer (AWAY: last seen at 07:49)
BytePioneer63 (ONLINE)
ByteQuest74 (OFFLINE: last seen 2 days ago)
ByteQuest79 (ONLINE)
ByteQuest85 (ONLINE)
ByteRider (OFFLINE: last seen 1 days ago)
ByteScribe (OFFLINE: last seen at 08:17)
ByteScribe35 (ONLINE)
ByteScribe49 (ONLINE)
ByteScribe75 (ONLINE)
ByteSpark (AWAY: last seen 1 days ago)
ByteSpark10 (ONLINE)
ByteSpark32 (OFFLINE: last seen 2 days ago)
ByteSurfer (ONLINE)
ByteSurfer30 (ONLINE)
ByteSurfer94 (ONLINE)
CloudByte35 (OFFLINE: last seen at 06:16)
CloudByte53 (ONLINE)
CloudDreamer (ONLINE)
CloudDreamer99 (AWAY: last seen 1 days ago)
CloudFlow (ONLINE)
CloudFlow45 (AWAY: last seen at 07:19)
CloudFlow60 (AWAY: last seen at 04:08)
CloudFlow69 (ONLINE)
CloudFlow85 (OFFLINE: last seen at 07:32)
CloudHunter (ONLINE)
CloudHunter78 (ONLINE)
CloudJolt (AWAY: last seen at 04:53)
CloudJolt12 (ONLINE)
CloudJolt75 (OFFLINE: last seen 1 days ago)
CloudMage (ONLINE)
CloudNinja (ONLINE)
CloudNinja54 (ONLINE)
CloudNinja65 (ONLINE)
CloudPilot (AWAY: last seen at 01:38)
CloudPilot30 (ONLINE)
CloudPioneer27 (AWAY: last seen at 08:14)
CloudQuest (ONLINE)
CloudQuest39 (ONLINE)
CloudQuest92 (ONLINE)
CloudRider (ONLINE)
CloudRider23 (OFFLINE: last seen at 01:09)
CloudRider32 (ONLINE)
CloudRider97 (ONLINE)
CloudScribe37 (ONLINE)
CloudScribe72 (ONLINE)
CloudScribe73 (AWAY: last seen 1 days ago)
CloudSpark (ONLINE)
CloudSpark30 (ONLINE)
CloudSurfer (ONLINE)
CloudSurfer14 (ONLINE)
CloudSurfer92 (ONLINE)
CloudWave (ONLINE)
CloudWave92 (ONLINE)
CodeByte (ONLINE)
CodeDreamer17 (AWAY: last seen 1 days ago)
CodeDreamer46 (ONLINE)
CodeDreamer60 (ONLINE)
CodeDreamer95 (OFFLINE: last seen at 08:16)
CodeFlow (AWAY: last seen 1 days ago)
CodeFlow22 (ONLINE)
CodeFlow87 (ONLINE)
CodeHunter (ONLINE)
CodeHunter14 (ONLINE)
CodeHunter75 (ONLINE)
CodeJolt (ONLINE)
CodeJolt17 (AWAY: last seen 2 days ago)
CodeJolt48 (ONLINE)
CodeJolt72 (OFFLINE: last seen 1 days ago)
CodeMage (ONLINE)
CodeMage11 (ONLINE)
CodeMage38 (OFFLINE: last seen 1 days ago)
CodeNinja (ONLINE)
CodeNinja17 (ONLINE)
CodeNinja22 (ONLINE)
CodeNinja30 (OFFLINE: last seen 1 days ago)
CodeNinja76 (AWAY: last seen 1 days ago)
CodeQuest (ONLINE)
CodeRider (OFFLINE: last seen 1 days ago)
CodeRider30 (ONLINE)
CodeRider37 (AWAY: last seen at 08:57)
CodeRider84 (ONLINE)
CodeScribe (ONLINE)
CodeScribe85 (AWAY: last seen at 02:03)
CodeSpark (ONLINE)
CodeSpark36 (OFFLINE: last seen at 05:51)
CodeSurfer (ONLINE)
CodeSurfer11 (OFFLINE: last seen 1 days ago)
CodeSurfer31 (ONLINE)
CodeSurfer60 (ONLINE)
CodeWave (ONLINE)
CodeWave27 (OFFLINE: last seen 1 days ago)
CodeWave82 (OFFLINE: last seen 1 days ago)
CyberByte (OFFLINE: last seen 1 days ago)
CyberByte23 (ONLINE)
CyberDreamer32 (ONLINE)
CyberDreamer93 (OFFLINE: last seen at 07:37)
CyberFlow (ONLINE)
CyberFlow19 (AWAY: last seen at 09:31)
CyberFlow90 (AWAY: last seen 2 days ago)
CyberHunter (ONLINE)
CyberHunter14 (AWAY: last seen at 01:36)
CyberHunter61 (ONLINE)
CyberHunter82 (ONLINE)
CyberJolt89 (OFFLINE: last seen at 06:18)
CyberMage (ONLINE)
CyberMage35 (OFFLINE: last seen 1 days ago)
CyberMage65 (AWAY: last seen at 09:17)
CyberMage74 (ONLINE)
CyberMage92 (ONLINE)
CyberNinja (ONLINE)
CyberNinja13 (AWAY: last seen at 02:19)
CyberPilot (ONLINE)
CyberPilot79 (ONLINE)
CyberPioneer (ONLINE)
CyberPioneer19 (OFFLINE: last seen 1 days ago)
CyberPioneer42 (AWAY: last seen 1 days ago)
CyberPioneer60 (AWAY: last seen 1 days ago)
CyberPioneer61 (ONLINE)
CyberQuest (ONLINE)
CyberQuest17 (ONLINE)
CyberQuest53 (ONLINE)
CyberQuest81 (AWAY: last seen 1 days ago)
CyberRider (ONLINE)
CyberRider45 (ONLINE)
CyberRider57 (ONLINE)
CyberRider68 (AWAY: last seen 1 days ago)
CyberScribe31 (AWAY: last seen at 06:12)
CyberSpark (ONLINE)
CyberSpark87 (AWAY: last seen at 04:20)
CyberSurfer61 (OFFLINE: last seen 1 days ago)
CyberSurfer62 (ONLINE)
CyberWave38 (OFFLINE: last seen 1 days ago)
CyberWave52 (AWAY: last seen 1 days ago)
DataByte95 (ONLINE)
DataDreamer57 (AWAY: last seen 1 days ago)
DataFlow42 (ONLINE)
DataFlow45 (OFFLINE: last seen at 08:08)
DataFlow64 (ONLINE)
DataHunter72 (ONLINE)
DataHunter73 (ONLINE)
DataJolt65 (ONLINE)
DataMage (ONLINE)
DataMage69 (ONLINE)
DataMage78 (ONLINE)
DataNinja (ONLINE)
DataNinja14 (ONLINE)
DataPilot (ONLINE)
DataPioneer (ONLINE)
DataPioneer10 (ONLINE)
DataPioneer97 (ONLINE)
DataQuest (ONLINE)
DataRider (AWAY: last seen at 05:17)
DataScribe (OFFLINE: last seen 1 days ago)
DataScribe13 (AWAY: last seen 1 days ago)
DataScribe28 (ONLINE)
DataScribe44 (AWAY: last seen 1 days ago)
DataScribe63 (AWAY: last seen at 05:38)
DataScribe74 (ONLINE)
DataSpark (ONLINE)
DataSpark53 (AWAY: last seen 1 days ago)
DataSpark62 (ONLINE)
DataSpark63 (ONLINE)
DataSurfer (ONLINE)
DataSurfer67 (AWAY: last seen 1 days ago)
DataWave (ONLINE)
EchoByte57 (ONLINE)
EchoDreamer (ONLINE)
EchoDreamer53 (ONLINE)
EchoDreamer60 (OFFLINE: last seen 1 days ago)
EchoFlow (ONLINE)
EchoFlow24 (ONLINE)
EchoHunter (OFFLINE: last seen 1 days ago)
EchoHunter16 (ONLINE)
EchoHunter27 (ONLINE)
EchoHunter55 (ONLINE)
EchoHunter70 (OFFLINE: last seen 2 days ago)
EchoHunter97 (AWAY: last seen 1 days ago)
EchoJolt (ONLINE)
EchoJolt63 (OFFLINE: last seen at 08:39)
EchoMage (ONLINE)
EchoNinja (ONLINE)
EchoNinja17 (AWAY: last seen 1 days ago)
EchoNinja29 (ONLINE)
EchoPilot (ONLINE)
EchoPilot33 (ONLINE)
EchoPilot35 (ONLINE)
EchoPilot38 (ONLINE)
EchoPioneer (OFFLINE: last seen 1 days ago)
EchoPioneer46 (ONLINE)
EchoPioneer69 (ONLINE)
EchoPioneer70 (OFFLINE: last seen 1 days ago)
EchoRider (ONLINE)
EchoRider60 (ONLINE)
EchoScribe50 (OFFLINE: last seen 1 days ago)
EchoScribe55 (AWAY: last seen 1 days ago)
EchoScribe62 (ONLINE)
EchoSpark (OFFLINE: last seen at 03:24)
EchoSpark43 (ONLINE)
EchoSpark53 (AWAY: last seen 1 days ago)
EchoSpark85 (ONLINE)
EchoWave (ONLINE)
EchoWave42 (OFFLINE: last seen at 08:11)
EchoWave43 (OFFLINE: last seen at 01:49)
EchoWave55 (ONLINE)
EchoWave59 (ONLINE)
LogicDreamer (ONLINE)
LogicDreamer28 (OFFLINE: last seen 1 days ago)
LogicFlow (ONLINE)
LogicFlow67 (OFFLINE: last seen 1 days ago)
LogicHunter (OFFLINE: last seen at 09:00)
LogicHunter34 (OFFLINE: last seen 1 days ago)
LogicHunter38 (ONLINE)
LogicHunter43 (ONLINE)
LogicHunter62 (ONLINE)
LogicJolt (ONLINE)
LogicJolt93 (ONLINE)
LogicMage (AWAY: last seen at 04:07)
LogicMage12 (ONLINE)
LogicMage16 (ONLINE)
LogicMage20 (ONLINE)
LogicMage43 (ONLINE)
LogicMage74 (ONLINE)
LogicMage95 (ONLINE)
LogicNinja (ONLINE)
LogicNinja75 (ONLINE)
LogicPilot39 (ONLINE)
LogicPioneer (ONLINE)
LogicQuest (ONLINE)
LogicQuest47 (ONLINE)
LogicQuest81 (ONLINE)
LogicRider (ONLINE)
LogicScribe (AWAY: last seen at 04:02)
LogicSpark (OFFLINE: last seen 1 days ago)
LogicSpark32 (ONLINE)
LogicSpark51 (ONLINE)
LogicSurfer (AWAY: last seen at 08:45)
LogicWave (ONLINE)
NanoByte (ONLINE)
NanoByte12 (ONLINE)
NanoDreamer (ONLINE)
NanoHunter24 (ONLINE)
NanoHunter30 (OFFLINE: last seen 3 days ago)
NanoHunter46 (ONLINE)
NanoHunter53 (ONLINE)
NanoHunter87 (ONLINE)
NanoJolt (ONLINE)
NanoJolt27 (AWAY: last seen 1 days ago)
NanoJolt81 (ONLINE)
NanoMage (ONLINE)
NanoMage38 (OFFLINE: last seen at 02:57)
NanoMage58 (OFFLINE: last seen at 00:05)
NanoMage77 (AWAY: last seen 1 days ago)
NanoPilot60 (ONLINE)
NanoPioneer (OFFLINE: last seen at 05:06)
NanoPioneer70 (AWAY: last seen 1 days ago)
NanoPioneer91 (AWAY: last seen at 00:44)
NanoQuest (ONLINE)
NanoQuest34 (ONLINE)
NanoQuest61 (OFFLINE: last seen at 01:46)
NanoRider (ONLINE)
NanoRider40 (ONLINE)
NanoRider84 (OFFLINE: last seen 1 days ago)
NanoScribe (AWAY: last seen at 03:46)
NanoScribe12 (AWAY: last seen at 01:01)
NanoSpark (OFFLINE: last seen at 09:01)
NanoSpark74 (OFFLINE: last seen 1 days ago)
NanoSpark95 (AWAY: last seen 3 days ago)
NanoSurfer (ONLINE)
NanoSurfer10 (ONLINE)
NanoSurfer37 (ONLINE)
NanoWave (ONLINE)
NanoWave57 (ONLINE)
PixelByte43 (ONLINE)
PixelByte52 (ONLINE)
PixelByte60 (AWAY: last seen 2 days ago)
PixelDreamer14 (ONLINE)
PixelDreamer63 (AWAY: last seen at 05:09)
PixelDreamer70 (OFFLINE: last seen 1 days ago)
PixelDreamer80 (ONLINE)
PixelFlow (ONLINE)
PixelHunter (ONLINE)
PixelHunter18 (ONLINE)
PixelHunter59 (ONLINE)
PixelJolt (ONLINE)
PixelMage (ONLINE)
PixelMage68 (AWAY: last seen 2 days ago)
PixelMage75 (ONLINE)
PixelNinja (AWAY: last seen at 08:50)
PixelNinja13 (OFFLINE: last seen 1 days ago)
PixelNinja55 (OFFLINE: last seen at 06:41)
PixelPilot38 (ONLINE)
PixelPilot68 (OFFLINE: last seen 2 days ago)
PixelPioneer (AWAY: last seen at 07:09)
PixelPioneer13 (OFFLINE: last seen 1 days ago)
PixelPioneer38 (ONLINE)
PixelQuest (ONLINE)
PixelQuest26 (ONLINE)
PixelRider55 (OFFLINE: last seen at 08:54)
PixelRider64 (ONLINE)
PixelScribe (ONLINE)
PixelScribe58 (ONLINE)
PixelSpark (ONLINE)
PixelSpark99 (ONLINE)
PixelSurfer (ONLINE)
PixelSurfer12 (OFFLINE: last seen 1 days ago)
PixelSurfer16 (ONLINE)
PixelWave (AWAY: last seen 1 days ago)
PixelWave16 (ONLINE)
QuantumByte (ONLINE)
QuantumDreamer (ONLINE)
QuantumDreamer16 (ONLINE)
QuantumDreamer38 (ONLINE)
QuantumDreamer49 (OFFLINE: last seen at 04:06)
QuantumFlow (ONLINE)
QuantumHunter (ONLINE)
QuantumHunter14 (ONLINE)
QuantumHunter53 (AWAY: last seen at 05:19)
QuantumMage (ONLINE)
QuantumMage29 (ONLINE)
QuantumNinja (AWAY: last seen 1 days ago)
QuantumNinja72 (ONLINE)
QuantumPilot (ONLINE)
QuantumPioneer (ONLINE)
QuantumQuest (ONLINE)
QuantumQuest47 (ONLINE)
QuantumQuest66 (ONLINE)
QuantumRider (ONLINE)
QuantumRider19 (ONLINE)
QuantumRider91 (ONLINE)
QuantumScribe (ONLINE)
QuantumScribe10 (OFFLINE: last seen at 08:51)
QuantumScribe14 (ONLINE)
QuantumSpark (AWAY: last seen 1 days ago)
QuantumSpark42 (ONLINE)
QuantumSpark48 (AWAY: last seen at 06:42)
QuantumSurfer (OFFLINE: last seen 1 days ago)
QuantumSurfer61 (AWAY: last seen 1 days ago)
QuantumWave (OFFLINE: last seen 1 days ago)
QuantumWave44 (AWAY: last seen 2 days ago)
QuantumWave55 (OFFLINE: last seen at 08:47)
RoboDreamer (AWAY: last seen 1 days ago)
RoboDreamer73 (OFFLINE: last seen at 00:28)
RoboDreamer81 (OFFLINE: last seen 2 days ago)
RoboFlow (ONLINE)
RoboFlow34 (ONLINE)
RoboHunter (AWAY: last seen at 05:47)
RoboHunter49 (ONLINE)
RoboJolt96 (ONLINE)
RoboMage23 (OFFLINE: last seen at 06:02)
RoboMage95 (ONLINE)
RoboNinja (ONLINE)
RoboNinja98 (ONLINE)
RoboPilot35 (AWAY: last seen at 07:12)
RoboPilot66 (ONLINE)
RoboQuest45 (OFFLINE: last seen at 09:08)
RoboQuest85 (OFFLINE: last seen 2 days ago)
RoboRider (ONLINE)
RoboRider63 (ONLINE)
RoboScribe52 (OFFLINE: last seen 1 days ago)
RoboSpark (ONLINE)
RoboSpark76 (ONLINE)
RoboSurfer (ONLINE)
RoboSurfer29 (AWAY: last seen 1 days ago)
RoboWave (OFFLINE: last seen at 08:12)
RoboWave38 (ONLINE)
StarByte19 (AWAY: last seen 2 days ago)
StarDreamer92 (ONLINE)
StarDreamer95 (ONLINE)
StarFlow (ONLINE)
StarFlow25 (ONLINE)
StarFlow55 (OFFLINE: last seen at 09:07)
StarFlow66 (ONLINE)
StarHunter (ONLINE)
StarHunter30 (AWAY: last seen 1 days ago)
StarHunter55 (ONLINE)
StarHunter72 (ONLINE)
StarJolt (ONLINE)
StarMage (ONLINE)
StarMage76 (ONLINE)
StarNinja68 (ONLINE)
StarPilot13 (AWAY: last seen at 07:44)
StarPilot25 (AWAY: last seen 1 days ago)
StarPilot54 (AWAY: last seen 2 days ago)
StarPioneer54 (ONLINE)
StarQuest41 (ONLINE)
StarRider18 (AWAY: last seen 1 days ago)
StarSpark58 (ONLINE)
StarSpark74 (OFFLINE: last seen 1 days ago)
StarSurfer (ONLINE)
StarSurfer19 (AWAY: last seen 1 days ago)
StarSurfer26 (AWAY: last seen at 08:00)
StarSurfer74 (AWAY: last seen 2 days ago)
StarWave19 (ONLINE)
SynthByte39 (AWAY: last seen 1 days ago)
SynthDreamer (ONLINE)
SynthDreamer33 (OFFLINE: last seen at 09:01)
SynthDreamer40 (ONLINE)
SynthDreamer44 (ONLINE)
SynthFlow (ONLINE)
SynthFlow86 (OFFLINE: last seen at 06:42)
SynthHunter (ONLINE)
SynthHunter13 (ONLINE)
SynthHunter24 (ONLINE)
SynthHunter67 (ONLINE)
SynthJolt (ONLINE)
SynthJolt41 (ONLINE)
SynthJolt56 (ONLINE)
SynthMage (AWAY: last seen 1 days ago)
SynthMage49 (AWAY: last seen 1 days ago)
SynthMage92 (ONLINE)
SynthPioneer (ONLINE)
SynthPioneer96 (OFFLINE: last seen 2 days ago)
SynthRider (ONLINE)
SynthRider40 (ONLINE)
SynthRider78 (AWAY: last seen 1 days ago)
SynthScribe (AWAY: last seen 1 days ago)
SynthSpark60 (ONLINE)
SynthSpark68 (AWAY: last seen at 05:30)
SynthSpark69 (ONLINE)
SynthSurfer (OFFLINE: last seen 1 days ago)
SynthSurfer15 (ONLINE)
SynthSurfer19 (AWAY: last seen 1 days ago)
SynthSurfer42 (OFFLINE: last seen 2 days ago)
SynthSurfer52 (ONLINE)
SynthSurfer59 (ONLINE)
SynthSurfer83 (ONLINE)
SynthWave (ONLINE)
SynthWave15 (ONLINE)
SynthWave45 (ONLINE)
SynthWave92 (OFFLINE: last seen 1 days ago)
TechDreamer (ONLINE)
TechDreamer33 (OFFLINE: last seen 1 days ago)
TechFlow52 (ONLINE)
TechHunter (ONLINE)
TechMage (ONLINE)
TechMage15 (OFFLINE: last seen at 08:55)
TechMage16 (ONLINE)
TechNinja (ONLINE)
TechNinja35 (ONLINE)
TechPilot (ONLINE)
TechPilot65 (AWAY: last seen at 07:05)
TechPioneer (ONLINE)
TechQuest (ONLINE)
TechQuest65 (ONLINE)
TechQuest97 (AWAY: last seen 1 days ago)
TechRider (ONLINE)
TechRider81 (ONLINE)
TechScribe (ONLINE)
TechScribe23 (ONLINE)
TechScribe92 (ONLINE)
TechSpark (ONLINE)
TechSurfer (OFFLINE: last seen at 08:33)
TechWave56 (ONLINE)
TechWave76 (OFFLINE: last seen at 03:19)
