AstroByte (OFFLINE: last seen at 09:13)
AstroByte14 (ONLINE)
AstroByte31 (OFFLINE: last seen at 09:46)
AstroByte39 (ONLINE)
AstroByte49 (ONLINE)
AstroByte94 (OFFLINE: last seen at 07:29)
AstroDreamer (ONLINE)
AstroDreamer10 (ONLINE)
AstroDreamer14 (ONLINE)
AstroDreamer18 (AWAY: last seen at 05:27)
AstroDreamer27 (ONLINE)
AstroDreamer37 (AWAY: last seen at 06:03)
AstroDreamer40 (ONLINE)
AstroDreamer55 (AWAY: last seen at 07:16)
AstroDreamer94 (ONLINE)
AstroDreamer96 (AWAY: last seen at 07:46)
AstroFlow (ONLINE)
AstroFlow22 (ONLINE)
AstroFlow42 (AWAY: last seen at 02:40)
AstroFlow58 (ONLINE)
AstroFlow68 (ONLINE)
AstroFlow78 (ONLINE)
AstroHunter (ONLINE)
AstroHunter19 (OFFLINE: last seen at 08:56)
AstroHunter57 (ONLINE)
AstroHunter58 (AWAY: last seen at 11:22)
AstroHunter93 (ONLINE)
AstroJolt (ONLINE)
AstroJolt28 (ONLINE)
AstroJolt29 (AWAY: last seen at 11:19)
AstroJolt30 (ONLINE)
AstroJolt33 (AWAY: last seen at 11:17)
AstroJolt74 (OFFLINE: last seen at 11:31)
AstroJolt79 (OFFLINE: last seen at 09:27)
AstroJolt92 (AWAY: last seen at 08:14)
AstroMage (ONLINE)
AstroMage19 (AWAY: last seen 1 days ago)
AstroMage26 (OFFLINE: last seen at 07:53)
AstroMage30 (OFFLINE: last seen at 10:35)
AstroMage37 (AWAY: last seen at 11:08)
AstroMage47 (ONLINE)
AstroMage58 (ONLINE)
AstroMage77 (AWAY: last seen at 11:13)
AstroMage87 (ONLINE)
AstroNinja (ONLINE)
AstroNinja30 (OFFLINE: last seen at 11:42)
AstroNinja73 (OFFLINE: last seen at 10:18)
AstroNinja85 (ONLINE)
AstroPilot (ONLINE)
AstroPilot10 (AWAY: last seen at 11:18)
AstroPilot17 (OFFLINE: last seen at 09:55)
AstroPilot33 (ONLINE)
AstroPilot53 (ONLINE)
AstroPilot85 (ONLINE)
AstroPilot99 (ONLINE)
AstroPioneer (ONLINE)
AstroPioneer14 (AWAY: last seen at 11:50)
AstroPioneer31 (ONLINE)
AstroPioneer37 (OFFLINE: last seen at 04:12)
AstroPioneer52 (OFFLINE: last seen at 06:20)
AstroPioneer70 (AWAY: last seen at 11:40)
AstroPioneer81 (AWAY: last seen at 10:07)
AstroPioneer98 (ONLINE)
AstroQuest31 (AWAY: last seen at 07:13)
AstroQuest42 (AWAY: last seen at 10:38)
AstroQuest45 (AWAY: last seen 1 days ago)
AstroQuest59 (AWAY: last seen at 06:54)
AstroRider (ONLINE)
AstroRider35 (OFFLINE: last seen at 11:18)
AstroRider82 (OFFLINE: last seen at 09:30)
AstroRider94 (OFFLINE: last seen at 08:34)
AstroScribe (AWAY: last seen at 10:22)
AstroScribe26 (AWAY: last seen at 06:27)
AstroScribe27 (AWAY: last seen at 10:08)
AstroScribe62 (ONLINE)
AstroScribe78 (ONLINE)
AstroScribe82 (OFFLINE: last seen at 10:16)
AstroScribe94 (OFFLINE: last seen at 06:11)
AstroScribe97 (ONLINE)
AstroSpark (ONLINE)
AstroSpark75 (AWAY: last seen at 05:00)
AstroSpark89 (ONLINE)
AstroSurfer (ONLINE)
AstroSurfer36 (OFFLINE: last seen at 03:48)
AstroSurfer43 (OFFLINE: last seen 1 days ago)
AstroSurfer64 (OFFLINE: last seen at 04:54)
AstroSurfer92 (ONLINE)
AstroSurfer99 (ONLINE)
AstroWave20 (AWAY: last seen at 11:39)
AstroWave21 (ONLINE)
AstroWave22 (ONLINE)
AstroWave23 (OFFLINE: last seen at 11:58)
AstroWave29 (ONLINE)
AstroWave45 (ONLINE)
AstroWave57 (ONLINE)
AstroWave70 (ONLINE)
AstroWave88 (ONLINE)
ByteByte39 (ONLINE)
ByteByte54 (ONLINE)
ByteDreamer (ONLINE)
ByteDreamer17 (ONLINE)
ByteDreamer39 (ONLINE)
ByteDreamer46 (AWAY: last seen at 11:35)
ByteDreamer56 (AWAY: last seen at 09:20)
ByteDreamer67 (ONLINE)
ByteDreamer84 (AWAY: last seen at 11:10)
ByteDreamer85 (ONLINE)
ByteFlow (AWAY: last seen at 10:07)
ByteFlow26 (OFFLINE: last seen 1 days ago)
ByteFlow28 (AWAY: last seen at 04:19)
ByteFlow57 (ONLINE)
ByteFlow65 (ONLINE)
ByteFlow75 (AWAY: last seen at 11:13)
ByteFlow89 (AWAY: last seen at 09:23)
ByteHunter11 (AWAY: last seen at 03:59)
ByteHunter15 (OFFLINE: last seen at 09:16)
ByteHunter30 (ONLINE)
ByteHunter56 (AWAY: last seen at 02:05)
ByteHunter74 (OFFLINE: last seen at 11:24)
ByteHunter96 (ONLINE)
ByteJolt (ONLINE)
ByteJolt20 (AWAY: last seen at 10:12)
ByteJolt23 (ONLINE)
ByteJolt25 (AWAY: last seen at 06:55)
ByteJolt37 (AWAY: last seen at 09:19)
ByteJolt43 (ONLINE)
ByteJolt69 (ONLINE)
ByteMage (ONLINE)
ByteMage30 (OFFLINE: last seen at 08:43)
ByteMage32 (AWAY: last seen at 03:56)
ByteMage66 (AWAY: last seen at 10:33)
ByteNinja (AWAY: last seen at 11:57)
ByteNinja37 (ONLINE)
ByteNinja72 (ONLINE)
BytePilot (OFFLINE: last seen at 11:07)
BytePilot31 (ONLINE)
BytePilot34 (OFFLINE: last seen at 09:07)
BytePilot43 (AWAY: last seen at 10:30)
BytePilot65 (ONLINE)
BytePilot80 (AWAY: last seen at 06:10)
BytePilot86 (AWAY: last seen at 10:53)
BytePioneer (ONLINE)
BytePioneer20 (OFFLINE: last seen at 11:30)
BytePioneer31 (ONLINE)
BytePioneer36 (ONLINE)
BytePioneer41 (ONLINE)
BytePioneer61 (ONLINE)
BytePioneer71 (AWAY: last seen at 08:12)
BytePioneer73 (ONLINE)
BytePioneer86 (ONLINE)
ByteQuest (AWAY: last seen at 10:54)
ByteQuest16 (AWAY: last seen at 06:10)
ByteQuest27 (OFFLINE: last seen at 08:01)
ByteQuest28 (ONLINE)
ByteQuest34 (ONLINE)
ByteQuest60 (ONLINE)
ByteQuest66 (ONLINE)
ByteQuest75 (ONLINE)
ByteQuest84 (AWAY: last seen 1 days ago)
ByteQuest94 (OFFLINE: last seen 1 days ago)
ByteRider (ONLINE)
ByteRider36 (ONLINE)
ByteRider39 (OFFLINE: last seen at 10:57)
ByteRider50 (ONLINE)
ByteScribe14 (ONLINE)
ByteScribe21 (ONLINE)
ByteScribe26 (OFFLINE: last seen at 02:03)
ByteScribe34 (AWAY: last seen at 10:43)
ByteScribe41 (ONLINE)
ByteScribe47 (AWAY: last seen at 11:07)
ByteScribe48 (ONLINE)
ByteScribe55 (OFFLINE: last seen at 07:31)
ByteScribe67 (ONLINE)
ByteScribe69 (ONLINE)
ByteScribe84 (ONLINE)
ByteScribe93 (AWAY: last seen at 07:42)
ByteSpark (AWAY: last seen at 10:47)
ByteSpark30 (AWAY: last seen at 10:29)
ByteSpark46 (AWAY: last seen at 10:23)
ByteSpark89 (ONLINE)
ByteSpark96 (ONLINE)
ByteSurfer (ONLINE)
ByteSurfer17 (OFFLINE: last seen at 07:09)
ByteSurfer27 (ONLINE)
ByteSurfer34 (ONLINE)
ByteSurfer42 (ONLINE)
ByteSurfer69 (ONLINE)
ByteSurfer73 (ONLINE)
ByteSurfer82 (AWAY: last seen at 10:44)
ByteWave61 (ONLINE)
ByteWave81 (ONLINE)
ByteWave90 (OFFLINE: last seen at 05:54)
ByteWave92 (AWAY: last seen at 10:07)
CloudByte (AWAY: last seen at 11:54)
CloudByte37 (AWAY: last seen at 08:16)
CloudByte44 (OFFLINE: last seen at 03:43)
CloudByte56 (ONLINE)
CloudByte60 (AWAY: last seen at 10:26)
CloudByte85 (AWAY: last seen at 10:07)
CloudByte98 (ONLINE)
CloudDreamer (AWAY: last seen at 11:49)
CloudDreamer13 (ONLINE)
CloudDreamer23 (OFFLINE: last seen at 09:45)
CloudDreamer51 (AWAY: last seen at 09:44)
CloudDreamer62 (AWAY: last seen at 11:16)
CloudDreamer71 (OFFLINE: last seen at 04:49)
CloudDreamer85 (ONLINE)
CloudFlow (ONLINE)
CloudFlow33 (AWAY: last seen at 09:24)
CloudFlow39 (OFFLINE: last seen at 10:35)
CloudHunter (ONLINE)
CloudHunter37 (AWAY: last seen at 09:46)
CloudHunter94 (AWAY: last seen at 11:08)
CloudJolt15 (AWAY: last seen at 08:05)
CloudJolt51 (ONLINE)
CloudJolt60 (ONLINE)
CloudJolt78 (OFFLINE: last seen at 11:57)
CloudJolt84 (OFFLINE: last seen at 04:21)
CloudMage (ONLINE)
CloudMage20 (AWAY: last seen at 05:08)
CloudMage38 (OFFLINE: last seen at 10:58)
CloudNinja (ONLINE)
CloudNinja10 (ONLINE)
CloudNinja31 (ONLINE)
CloudNinja51 (OFFLINE: last seen at 09:35)
CloudNinja52 (OFFLINE: last seen at 03:55)
CloudNinja61 (ONLINE)
CloudNinja62 (ONLINE)
CloudNinja91 (ONLINE)
CloudPilot31 (OFFLINE: last seen at 10:29)
CloudPilot59 (OFFLINE: last seen at 05:56)
CloudPilot71 (ONLINE)
CloudPilot92 (AWAY: last seen at 04:17)
CloudPioneer (ONLINE)
CloudPioneer36 (OFFLINE: last seen at 08:41)
CloudPioneer61 (ONLINE)
CloudPioneer85 (ONLINE)
CloudQuest (OFFLINE: last seen at 09:59)
CloudQuest19 (ONLINE)
CloudQuest40 (ONLINE)
CloudQuest64 (OFFLINE: last seen at 07:25)
CloudQuest70 (OFFLINE: last seen at 06:57)
CloudQuest79 (AWAY: last seen at 10:24)
CloudRider (AWAY: last seen at 08:55)
CloudRider33 (OFFLINE: last seen at 08:48)
CloudRider51 (AWAY: last seen at 11:32)
CloudRider54 (OFFLINE: last seen at 08:26)
CloudScribe (AWAY: last seen at 09:07)
CloudScribe14 (OFFLINE: last seen at 10:24)
CloudScribe20 (AWAY: last seen at 06:22)
CloudScribe26 (AWAY: last seen at 04:02)
CloudScribe51 (ONLINE)
CloudScribe71 (OFFLINE: last seen at 11:30)
CloudScribe79 (ONLINE)
CloudScribe95 (AWAY: last seen at 08:33)
CloudSpark13 (OFFLINE: last seen at 09:38)
CloudSpark43 (ONLINE)
CloudSpark78 (OFFLINE: last seen at 11:26)
CloudSpark79 (ONLINE)
CloudSpark87 (AWAY: last seen at 09:29)
CloudSpark97 (OFFLINE: last seen at 10:39)
CloudSurfer (ONLINE)
CloudSurfer14 (AWAY: last seen at 10:50)
CloudSurfer19 (AWAY: last seen at 05:08)
CloudSurfer81 (OFFLINE: last seen at 09:37)
CloudSurfer90 (ONLINE)
CloudSurfer95 (AWAY: last seen at 10:53)
CloudWave (ONLINE)
CloudWave12 (ONLINE)
CloudWave14 (ONLINE)
CloudWave33 (ONLINE)
CloudWave51 (ONLINE)
CloudWave59 (ONLINE)
CloudWave92 (OFFLINE: last seen at 07:07)
CodeByte (AWAY: last seen at 08:37)
CodeByte82 (OFFLINE: last seen 1 days ago)
CodeByte92 (ONLINE)
CodeDreamer (AWAY: last seen at 11:47)
CodeDreamer23 (OFFLINE: last seen at 07:19)
CodeDreamer25 (AWAY: last seen at 11:28)
CodeDreamer36 (ONLINE)
CodeFlow (ONLINE)
CodeFlow50 (AWAY: last seen at 11:23)
CodeFlow67 (AWAY: last seen at 05:31)
CodeFlow90 (ONLINE)
CodeHunter (ONLINE)
CodeHunter14 (OFFLINE: last seen at 08:48)
CodeHunter38 (ONLINE)
CodeHunter62 (OFFLINE: last seen at 10:54)
CodeHunter89 (ONLINE)
CodeJolt (ONLINE)
CodeJolt19 (OFFLINE: last seen at 10:26)
CodeJolt45 (ONLINE)
CodeJolt48 (OFFLINE: last seen at 10:02)
CodeJolt59 (AWAY: last seen at 09:07)
CodeJolt60 (AWAY: last seen at 11:53)
CodeJolt78 (ONLINE)
CodeJolt84 (OFFLINE: last seen at 11:36)
CodeJolt85 (OFFLINE: last seen at 11:35)
CodeMage (ONLINE)
CodeMage14 (ONLINE)
CodeMage23 (ONLINE)
CodeMage68 (AWAY: last seen at 07:47)
CodeMage81 (AWAY: last seen at 11:28)
CodeMage87 (ONLINE)
CodeMage96 (ONLINE)
CodeNinja (OFFLINE: last seen at 11:41)
CodeNinja12 (ONLINE)
CodeNinja14 (AWAY: last seen at 10:32)
CodeNinja30 (OFFLINE: last seen at 09:48)
CodeNinja35 (AWAY: last seen at 04:25)
CodeNinja42 (OFFLINE: last seen at 08:48)
CodeNinja48 (AWAY: last seen at 08:06)
CodeNinja64 (OFFLINE: last seen at 08:08)
CodeNinja98 (ONLINE)
CodePilot (AWAY: last seen at 10:06)
CodePilot10 (OFFLINE: last seen at 07:29)
CodePilot13 (AWAY: last seen at 11:48)
CodePilot14 (ONLINE)
CodePilot27 (OFFLINE: last seen 1 days ago)
CodePilot38 (AWAY: last seen at 05:25)
CodePilot41 (OFFLINE: last seen at 08:20)
CodePilot48 (ONLINE)
CodePilot51 (ONLINE)
CodePilot53 (ONLINE)
CodePilot68 (ONLINE)
CodePioneer (ONLINE)
CodePioneer72 (AWAY: last seen at 11:58)
CodePioneer79 (ONLINE)
CodePioneer90 (ONLINE)
CodePioneer91 (AWAY: last seen at 08:23)
CodeQuest (OFFLINE: last seen at 11:57)
CodeQuest31 (ONLINE)
CodeQuest61 (OFFLINE: last seen at 01:12)
CodeQuest63 (AWAY: last seen at 10:32)
CodeRider (OFFLINE: last seen at 11:41)
CodeRider30 (OFFLINE: last seen at 11:33)
CodeRider31 (ONLINE)
CodeRider40 (ONLINE)
CodeRider81 (ONLINE)
CodeRider82 (ONLINE)
CodeRider96 (ONLINE)
CodeScribe (OFFLINE: last seen at 11:44)
CodeScribe30 (OFFLINE: last seen at 11:50)
CodeScribe36 (ONLINE)
CodeScribe38 (ONLINE)
CodeSpark (ONLINE)
CodeSpark23 (AWAY: last seen at 11:28)
CodeSpark27 (OFFLINE: last seen at 03:33)
CodeSpark35 (OFFLINE: last seen at 06:58)
CodeSpark87 (AWAY: last seen 1 days ago)
CodeSpark88 (ONLINE)
CodeSurfer (ONLINE)
CodeSurfer45 (OFFLINE: last seen at 11:21)
CodeSurfer67 (ONLINE)
CodeSurfer72 (AWAY: last seen at 11:32)
CodeSurfer86 (ONLINE)
CodeWave (ONLINE)
CodeWave12 (ONLINE)
CodeWave13 (AWAY: last seen at 10:32)
CodeWave26 (ONLINE)
CodeWave33 (OFFLINE: last seen at 09:42)
CodeWave53 (ONLINE)
CodeWave67 (ONLINE)
CodeWave82 (AWAY: last seen at 08:28)
CodeWave93 (OFFLINE: last seen at 10:26)
CyberByte (ONLINE)
CyberByte29 (ONLINE)
CyberByte45 (ONLINE)
CyberByte77 (OFFLINE: last seen 1 days ago)
CyberByte79 (ONLINE)
CyberByte91 (ONLINE)
CyberByte93 (ONLINE)
CyberByte98 (AWAY: last seen at 10:58)
CyberDreamer (ONLINE)
CyberDreamer13 (ONLINE)
CyberDreamer20 (ONLINE)
CyberDreamer22 (ONLINE)
CyberDreamer25 (ONLINE)
CyberDreamer30 (ONLINE)
CyberDreamer83 (OFFLINE: last seen at 06:30)
CyberDreamer92 (AWAY: last seen at 06:00)
CyberDreamer98 (OFFLINE: last seen at 10:21)
CyberFlow17 (AWAY: last seen at 07:33)
CyberFlow30 (ONLINE)
CyberFlow53 (ONLINE)
CyberFlow62 (ONLINE)
CyberFlow88 (AWAY: last seen at 09:34)
CyberHunter18 (OFFLINE: last seen at 05:29)
CyberHunter23 (OFFLINE: last seen at 06:53)
CyberHunter40 (ONLINE)
CyberHunter60 (ONLINE)
CyberHunter61 (OFFLINE: last seen at 11:08)
CyberHunter63 (AWAY: last seen 1 days ago)
CyberHunter76 (ONLINE)
CyberHunter80 (AWAY: last seen at 11:30)
CyberJolt (ONLINE)
CyberJolt20 (OFFLINE: last seen at 01:46)
CyberJolt34 (ONLINE)
CyberJolt39 (AWAY: last seen at 11:35)
CyberJolt66 (OFFLINE: last seen at 11:15)
CyberJolt76 (ONLINE)
CyberJolt78 (AWAY: last seen at 03:35)
CyberMage (ONLINE)
CyberMage28 (ONLINE)
CyberMage33 (AWAY: last seen at 08:57)
CyberMage36 (AWAY: last seen at 03:42)
CyberMage41 (ONLINE)
CyberMage42 (OFFLINE: last seen at 11:08)
CyberMage50 (ONLINE)
CyberMage58 (ONLINE)
CyberMage80 (ONLINE)
CyberNinja (ONLINE)
CyberNinja27 (AWAY: last seen at 11:53)
CyberNinja38 (AWAY: last seen at 08:57)
CyberNinja57 (AWAY: last seen at 02:56)
CyberNinja59 (ONLINE)
CyberPilot (AWAY: last seen at 11:44)
CyberPilot29 (AWAY: last seen 1 days ago)
CyberPilot35 (ONLINE)
CyberPilot74 (AWAY: last seen at 07:06)
CyberPilot75 (AWAY: last seen at 11:30)
CyberPilot86 (ONLINE)
CyberPioneer (ONLINE)
CyberPioneer12 (ONLINE)
CyberPioneer16 (ONLINE)
CyberPioneer32 (ONLINE)
CyberPioneer75 (AWAY: last seen at 08:51)
CyberPioneer79 (ONLINE)
CyberPioneer96 (OFFLINE: last seen at 10:37)
CyberPioneer99 (AWAY: last seen at 08:33)
CyberQuest (OFFLINE: last seen at 03:08)
CyberQuest10 (OFFLINE: last seen at 10:56)
CyberQuest54 (ONLINE)
CyberQuest64 (OFFLINE: last seen at 05:44)
CyberQuest91 (AWAY: last seen at 11:14)
CyberRider (ONLINE)
CyberRider25 (AWAY: last seen at 07:34)
CyberRider35 (ONLINE)
CyberRider42 (ONLINE)
CyberRider52 (OFFLINE: last seen at 05:00)
CyberRider57 (OFFLINE: last seen at 11:43)
CyberRider58 (OFFLINE: last seen at 09:21)
CyberRider76 (AWAY: last seen 1 days ago)
CyberScribe (ONLINE)
CyberScribe38 (ONLINE)
CyberScribe77 (AWAY: last seen at 10:05)
CyberScribe98 (ONLINE)
CyberSpark (ONLINE)
CyberSpark16 (ONLINE)
CyberSpark22 (AWAY: last seen at 03:37)
CyberSpark55 (ONLINE)
CyberSpark60 (ONLINE)
CyberSpark71 (OFFLINE: last seen at 09:22)
CyberSpark75 (AWAY: last seen at 10:09)
CyberSurfer (AWAY: last seen at 09:55)
CyberSurfer14 (ONLINE)
CyberSurfer28 (AWAY: last seen 1 days ago)
CyberSurfer37 (OFFLINE: last seen at 11:14)
CyberSurfer61 (ONLINE)
CyberSurfer70 (OFFLINE: last seen at 09:23)
CyberWave (ONLINE)
CyberWave51 (AWAY: last seen at 07:47)
CyberWave52 (AWAY: last seen at 11:21)
CyberWave55 (OFFLINE: last seen at 09:47)
CyberWave62 (ONLINE)
CyberWave89 (AWAY: last seen at 03:03)
DataByte (ONLINE)
DataByte13 (AWAY: last seen at 07:12)
DataByte45 (ONLINE)
DataByte49 (OFFLINE: last seen at 05:43)
DataByte51 (OFFLINE: last seen at 11:48)
DataByte59 (OFFLINE: last seen at 11:57)
DataByte91 (AWAY: last seen 1 days ago)
DataByte93 (ONLINE)
DataDreamer (ONLINE)
DataDreamer11 (OFFLINE: last seen 1 days ago)
DataDreamer17 (ONLINE)
DataDreamer24 (AWAY: last seen at 10:49)
DataDreamer36 (ONLINE)
DataDreamer43 (ONLINE)
DataDreamer53 (OFFLINE: last seen at 02:30)
DataDreamer72 (AWAY: last seen at 11:59)
DataDreamer80 (ONLINE)
DataDreamer89 (ONLINE)
DataFlow (ONLINE)
DataFlow27 (ONLINE)
DataFlow44 (AWAY: last seen at 01:18)
DataHunter (ONLINE)
DataHunter41 (AWAY: last seen at 05:39)
DataHunter60 (ONLINE)
DataJolt (AWAY: last seen at 09:36)
DataJolt38 (ONLINE)
DataJolt47 (ONLINE)
DataJolt79 (ONLINE)
DataJolt95 (OFFLINE: last seen at 07:06)
DataJolt97 (ONLINE)
DataMage58 (ONLINE)
DataMage65 (ONLINE)
DataNinja (ONLINE)
DataNinja21 (OFFLINE: last seen at 10:10)
DataNinja25 (OFFLINE: last seen at 08:21)
DataNinja48 (AWAY: last seen at 02:35)
DataNinja86 (ONLINE)
DataPilot (ONLINE)
DataPilot17 (OFFLINE: last seen at 11:03)
DataPilot31 (ONLINE)
DataPilot38 (AWAY: last seen at 08:31)
DataPilot62 (AWAY: last seen 1 days ago)
DataPilot72 (ONLINE)
DataPilot90 (ONLINE)
DataPilot97 (OFFLINE: last seen at 05:33)
DataPioneer (AWAY: last seen at 10:40)
DataPioneer18 (ONLINE)
DataPioneer24 (OFFLINE: last seen at 05:32)
DataPioneer42 (OFFLINE: last seen 1 days ago)
DataQuest (ONLINE)
DataQuest18 (ONLINE)
DataQuest59 (ONLINE)
DataQuest65 (ONLINE)
DataQuest80 (OFFLINE: last seen at 07:41)
DataRider (ONLINE)
DataRider70 (OFFLINE: last seen at 02:05)
DataScribe (ONLINE)
DataScribe11 (OFFLINE: last seen at 11:40)
DataScribe28 (OFFLINE: last seen at 10:08)
DataScribe30 (AWAY: last seen at 11:12)
DataScribe51 (ONLINE)
DataScribe61 (ONLINE)
DataScribe67 (ONLINE)
DataScribe98 (AWAY: last seen at 10:49)
DataSpark18 (AWAY: last seen 1 days ago)
DataSpark20 (AWAY: last seen at 07:28)
DataSpark57 (AWAY: last seen at 10:01)
DataSpark67 (ONLINE)
DataSpark75 (ONLINE)
DataSurfer (ONLINE)
DataSurfer19 (ONLINE)
DataSurfer26 (ONLINE)
DataSurfer58 (OFFLINE: last seen at 06:08)
DataSurfer65 (ONLINE)
DataSurfer85 (AWAY: last seen at 11:12)
DataSurfer94 (OFFLINE: last seen at 11:02)
DataSurfer96 (OFFLINE: last seen at 08:28)
DataWave (ONLINE)
DataWave17 (ONLINE)
DataWave43 (OFFLINE: last seen at 00:03)
DataWave58 (OFFLINE: last seen at 08:29)
DataWave71 (ONLINE)
DataWave76 (AWAY: last seen at 02:49)
DataWave80 (OFFLINE: last seen at 10:51)
DataWave82 (ONLINE)
EchoByte (ONLINE)
EchoByte42 (OFFLINE: last seen at 07:48)
EchoByte49 (ONLINE)
EchoByte60 (ONLINE)
EchoByte76 (OFFLINE: last seen at 07:27)
EchoByte81 (AWAY: last seen at 05:45)
EchoByte84 (ONLINE)
EchoDreamer (ONLINE)
EchoDreamer14 (OFFLINE: last seen at 04:42)
EchoDreamer21 (ONLINE)
EchoDreamer23 (ONLINE)
EchoDreamer33 (ONLINE)
EchoDreamer65 (AWAY: last seen at 08:46)
EchoDreamer66 (ONLINE)
EchoDreamer82 (AWAY: last seen at 05:03)
EchoDreamer94 (ONLINE)
EchoDreamer97 (AWAY: last seen at 01:42)
EchoFlow (AWAY: last seen at 08:16)
EchoFlow15 (OFFLINE: last seen at 07:51)
EchoFlow27 (ONLINE)
EchoFlow35 (AWAY: last seen at 09:39)
EchoFlow58 (AWAY: last seen 1 days ago)
EchoFlow89 (ONLINE)
EchoHunter (ONLINE)
EchoHunter54 (ONLINE)
EchoHunter59 (AWAY: last seen at 07:07)
EchoHunter68 (OFFLINE: last seen at 05:55)
EchoJolt (ONLINE)
EchoJolt29 (ONLINE)
EchoJolt39 (OFFLINE: last seen at 09:43)
EchoJolt45 (AWAY: last seen at 06:10)
EchoJolt47 (ONLINE)
EchoJolt48 (OFFLINE: last seen 1 days ago)
EchoJolt95 (ONLINE)
EchoJolt97 (OFFLINE: last seen at 11:10)
EchoMage (ONLINE)
EchoMage52 (AWAY: last seen at 09:33)
EchoMage59 (ONLINE)
EchoMage61 (ONLINE)
EchoMage66 (ONLINE)
EchoNinja (ONLINE)
EchoNinja44 (ONLINE)
EchoNinja59 (OFFLINE: last seen at 09:44)
EchoPilot (ONLINE)
EchoPilot12 (ONLINE)
EchoPilot39 (OFFLINE: last seen 1 days ago)
EchoPilot41 (OFFLINE: last seen at 11:56)
EchoPilot49 (OFFLINE: last seen at 08:26)
EchoPilot72 (AWAY: last seen at 11:27)
EchoPilot85 (AWAY: last seen at 02:49)
EchoPioneer (ONLINE)
EchoPioneer15 (AWAY: last seen at 03:15)
EchoPioneer16 (ONLINE)
EchoPioneer24 (ONLINE)
EchoQuest37 (ONLINE)
EchoQuest42 (ONLINE)
EchoQuest60 (AWAY: last seen at 07:39)
EchoQuest61 (ONLINE)
EchoQuest67 (OFFLINE: last seen at 06:41)
EchoQuest73 (AWAY: last seen at 02:53)
EchoQuest90 (AWAY: last seen 1 days ago)
EchoQuest95 (ONLINE)
EchoRider (ONLINE)
EchoRider15 (AWAY: last seen at 08:37)
EchoRider29 (OFFLINE: last seen at 09:12)
EchoRider30 (ONLINE)
EchoRider46 (AWAY: last seen at 05:06)
EchoRider55 (OFFLINE: last seen at 10:34)
EchoScribe (AWAY: last seen at 11:47)
EchoScribe23 (OFFLINE: last seen at 07:40)
EchoScribe30 (ONLINE)
EchoScribe48 (ONLINE)
EchoScribe54 (AWAY: last seen at 09:17)
EchoScribe82 (AWAY: last seen at 10:23)
EchoSpark (ONLINE)
EchoSpark13 (ONLINE)
EchoSpark32 (AWAY: last seen at 09:28)
EchoSpark50 (OFFLINE: last seen at 11:18)
EchoSpark55 (ONLINE)
EchoSpark99 (OFFLINE: last seen at 11:49)
EchoSurfer (OFFLINE: last seen at 08:31)
EchoSurfer32 (AWAY: last seen at 04:04)
EchoSurfer37 (ONLINE)
EchoSurfer39 (AWAY: last seen at 11:47)
EchoSurfer73 (ONLINE)
EchoSurfer75 (AWAY: last seen at 07:27)
EchoWave (ONLINE)
EchoWave12 (ONLINE)
EchoWave42 (ONLINE)
EchoWave58 (ONLINE)
EchoWave63 (AWAY: last seen at 05:21)
EchoWave71 (OFFLINE: last seen at 11:55)
LogicByte (ONLINE)
LogicByte19 (OFFLINE: last seen at 10:58)
LogicByte46 (ONLINE)
LogicByte71 (OFFLINE: last seen at 09:02)
LogicByte85 (ONLINE)
LogicByte94 (AWAY: last seen at 08:33)
LogicDreamer (ONLINE)
LogicDreamer63 (ONLINE)
LogicDreamer71 (OFFLINE: last seen at 08:42)
LogicDreamer73 (AWAY: last seen at 02:17)
LogicFlow (ONLINE)
LogicFlow16 (ONLINE)
LogicFlow32 (AWAY: last seen at 10:43)
LogicFlow42 (AWAY: last seen 1 days ago)
LogicFlow81 (OFFLINE: last seen at 07:28)
LogicHunter10 (ONLINE)
LogicHunter79 (OFFLINE: last seen at 10:41)
LogicJolt (AWAY: last seen at 11:37)
LogicJolt60 (ONLINE)
LogicJolt99 (ONLINE)
LogicMage (ONLINE)
LogicMage23 (OFFLINE: last seen at 07:14)
LogicMage41 (OFFLINE: last seen at 08:27)
LogicMage51 (ONLINE)
LogicMage90 (OFFLINE: last seen at 11:51)
LogicMage92 (AWAY: last seen 1 days ago)
LogicMage97 (AWAY: last seen at 09:48)
LogicNinja (ONLINE)
LogicNinja12 (AWAY: last seen at 07:04)
LogicNinja25 (AWAY: last seen at 09:00)
LogicNinja44 (AWAY: last seen at 08:15)
LogicNinja47 (OFFLINE: last seen at 10:17)
LogicNinja48 (AWAY: last seen at 11:10)
LogicNinja68 (OFFLINE: last seen at 04:50)
LogicNinja95 (ONLINE)
LogicPilot (AWAY: last seen at 08:20)
LogicPilot15 (AWAY: last seen at 00:17)
LogicPilot32 (AWAY: last seen at 09:29)
LogicPilot42 (ONLINE)
LogicPilot63 (ONLINE)
LogicPilot67 (ONLINE)
LogicPilot95 (ONLINE)
LogicPioneer (ONLINE)
LogicPioneer14 (OFFLINE: last seen at 07:35)
LogicPioneer33 (ONLINE)
LogicPioneer38 (ONLINE)
LogicPioneer48 (OFFLINE: last seen at 04:45)
LogicPioneer56 (OFFLINE: last seen 1 days ago)
LogicPioneer59 (OFFLINE: last seen at 10:50)
LogicPioneer62 (AWAY: last seen at 05:41)
LogicPioneer83 (ONLINE)
LogicPioneer84 (OFFLINE: last seen at 11:29)
LogicPioneer94 (ONLINE)
LogicQuest (ONLINE)
LogicQuest12 (AWAY: last seen at 06:50)
LogicQuest22 (OFFLINE: last seen at 07:28)
LogicQuest28 (OFFLINE: last seen at 10:15)
LogicQuest35 (AWAY: last seen 1 days ago)
LogicQuest40 (AWAY: last seen at 08:54)
LogicQuest55 (AWAY: last seen at 10:52)
LogicQuest71 (OFFLINE: last seen at 08:35)
LogicQuest76 (ONLINE)
LogicQuest83 (ONLINE)
LogicQuest93 (AWAY: last seen at 11:15)
LogicRider (AWAY: last seen at 10:19)
LogicRider19 (ONLINE)
LogicRider34 (AWAY: last seen at 11:15)
LogicRider95 (AWAY: last seen at 07:33)
LogicRider98 (AWAY: last seen at 10:13)
LogicScribe (AWAY: last seen at 11:53)
LogicScribe16 (AWAY: last seen at 08:26)
LogicScribe24 (OFFLINE: last seen at 06:30)
LogicScribe48 (AWAY: last seen at 04:01)
LogicScribe49 (AWAY: last seen at 07:58)
LogicScribe62 (OFFLINE: last seen at 09:57)
LogicScribe91 (ONLINE)
LogicSpark (AWAY: last seen at 11:50)
LogicSpark17 (AWAY: last seen at 08:39)
LogicSpark21 (AWAY: last seen at 04:43)
LogicSpark43 (OFFLINE: last seen at 10:23)
LogicSpark44 (AWAY: last seen at 04:23)
LogicSpark64 (ONLINE)
LogicSpark69 (OFFLINE: last seen at 02:50)
LogicSpark78 (AWAY: last seen at 00:16)
LogicSpark87 (ONLINE)
LogicSurfer (AWAY: last seen at 08:41)
LogicSurfer20 (ONLINE)
LogicSurfer22 (ONLINE)
LogicSurfer33 (AWAY: last seen at 04:27)
LogicSurfer47 (AWAY: last seen at 00:07)
LogicSurfer67 (AWAY: last seen at 10:33)
LogicSurfer69 (OFFLINE: last seen at 11:21)
LogicSurfer70 (ONLINE)
LogicSurfer91 (ONLINE)
LogicWave (OFFLINE: last seen at 10:57)
LogicWave41 (ONLINE)
LogicWave60 (OFFLINE: last seen 1 days ago)
LogicWave79 (ONLINE)
LogicWave87 (ONLINE)
NanoByte59 (OFFLINE: last seen 1 days ago)
NanoByte63 (AWAY: last seen at 04:31)
NanoByte77 (ONLINE)
NanoByte97 (ONLINE)
NanoDreamer (AWAY: last seen at 10:20)
NanoDreamer11 (ONLINE)
NanoDreamer34 (AWAY: last seen at 11:26)
NanoDreamer52 (OFFLINE: last seen at 10:07)
NanoDreamer62 (AWAY: last seen at 08:48)
NanoDreamer80 (AWAY: last seen at 05:15)
NanoDreamer84 (AWAY: last seen at 04:59)
NanoDreamer99 (ONLINE)
NanoFlow (ONLINE)
NanoFlow15 (ONLINE)
NanoFlow67 (OFFLINE: last seen at 09:17)
NanoFlow97 (ONLINE)
NanoHunter (OFFLINE: last seen at 10:48)
NanoHunter73 (ONLINE)
NanoHunter81 (ONLINE)
NanoJolt (OFFLINE: last seen at 10:17)
NanoJolt45 (AWAY: last seen at 11:24)
NanoJolt49 (OFFLINE: last seen at 10:43)
NanoJolt53 (OFFLINE: last seen 1 days ago)
NanoJolt62 (AWAY: last seen at 10:35)
NanoJolt73 (AWAY: last seen at 03:33)
NanoJolt85 (OFFLINE: last seen at 04:56)
NanoJolt92 (ONLINE)
NanoMage (ONLINE)
NanoMage18 (ONLINE)
NanoMage21 (ONLINE)
NanoMage26 (OFFLINE: last seen at 06:44)
NanoMage57 (OFFLINE: last seen at 02:29)
NanoMage62 (AWAY: last seen 1 days ago)
NanoMage77 (OFFLINE: last seen at 11:16)
NanoMage82 (AWAY: last seen at 10:09)
NanoMage90 (ONLINE)
NanoNinja (ONLINE)
NanoNinja33 (AWAY: last seen at 10:46)
NanoNinja36 (OFFLINE: last seen at 08:41)
NanoNinja37 (ONLINE)
NanoNinja49 (AWAY: last seen at 09:47)
NanoNinja96 (OFFLINE: last seen at 09:17)
NanoPilot (OFFLINE: last seen at 11:41)
NanoPilot18 (ONLINE)
NanoPilot34 (AWAY: last seen at 07:13)
NanoPilot49 (ONLINE)
NanoPilot85 (OFFLINE: last seen at 10:35)
NanoPilot94 (OFFLINE: last seen at 09:21)
NanoPilot96 (ONLINE)
NanoPioneer (ONLINE)
NanoPioneer14 (AWAY: last seen 1 days ago)
NanoPioneer22 (ONLINE)
NanoPioneer50 (AWAY: last seen at 01:07)
NanoPioneer82 (AWAY: last seen at 10:12)
NanoPioneer85 (ONLINE)
NanoPioneer96 (ONLINE)
NanoQuest (ONLINE)
NanoQuest20 (ONLINE)
NanoQuest24 (ONLINE)
NanoQuest45 (OFFLINE: last seen at 06:25)
NanoQuest53 (ONLINE)
NanoQuest58 (OFFLINE: last seen at 02:56)
NanoQuest60 (ONLINE)
NanoQuest71 (ONLINE)
NanoRider (ONLINE)
NanoRider14 (OFFLINE: last seen at 09:18)
NanoRider18 (ONLINE)
NanoRider31 (ONLINE)
NanoRider48 (ONLINE)
NanoRider79 (ONLINE)
NanoRider96 (OFFLINE: last seen at 10:40)
NanoScribe (ONLINE)
NanoScribe16 (OFFLINE: last seen at 08:31)
NanoScribe31 (OFFLINE: last seen at 10:19)
NanoScribe37 (ONLINE)
NanoScribe66 (OFFLINE: last seen at 11:22)
NanoScribe81 (OFFLINE: last seen at 01:50)
NanoScribe96 (ONLINE)
NanoSpark18 (AWAY: last seen at 09:39)
NanoSpark36 (ONLINE)
NanoSpark43 (OFFLINE: last seen at 08:57)
NanoSpark63 (OFFLINE: last seen at 01:56)
NanoSpark68 (ONLINE)
NanoSpark91 (ONLINE)
NanoSpark94 (ONLINE)
NanoSurfer (ONLINE)
NanoSurfer61 (ONLINE)
NanoSurfer67 (OFFLINE: last seen at 11:19)
NanoSurfer70 (OFFLINE: last seen at 09:44)
NanoSurfer82 (ONLINE)
NanoSurfer88 (AWAY: last seen at 02:07)
NanoSurfer98 (ONLINE)
NanoWave (ONLINE)
PixelByte14 (AWAY: last seen at 00:38)
PixelByte17 (AWAY: last seen at 06:56)
PixelByte39 (ONLINE)
PixelByte42 (ONLINE)
PixelByte49 (ONLINE)
PixelByte59 (AWAY: last seen at 11:45)
PixelByte80 (OFFLINE: last seen at 11:04)
PixelByte81 (ONLINE)
PixelByte84 (AWAY: last seen at 06:03)
PixelByte87 (ONLINE)
PixelDreamer (ONLINE)
PixelDreamer27 (ONLINE)
PixelDreamer45 (AWAY: last seen 1 days ago)
PixelDreamer49 (OFFLINE: last seen at 05:11)
PixelDreamer52 (AWAY: last seen at 06:31)
PixelDreamer53 (OFFLINE: last seen 1 days ago)
PixelDreamer94 (OFFLINE: last seen 1 days ago)
PixelDreamer97 (AWAY: last seen 1 days ago)
PixelDreamer98 (ONLINE)
PixelFlow (AWAY: last seen at 11:56)
PixelFlow15 (ONLINE)
PixelFlow48 (ONLINE)
PixelFlow51 (ONLINE)
PixelFlow62 (AWAY: last seen 1 days ago)
PixelFlow63 (AWAY: last seen at 11:22)
PixelHunter (ONLINE)
PixelHunter11 (OFFLINE: last seen at 11:03)
PixelHunter44 (ONLINE)
PixelHunter61 (ONLINE)
PixelHunter72 (OFFLINE: last seen at 11:58)
PixelHunter95 (OFFLINE: last seen 1 days ago)
PixelJolt (ONLINE)
PixelJolt10 (ONLINE)
PixelJolt16 (ONLINE)
PixelJolt44 (AWAY: last seen at 10:19)
PixelJolt56 (AWAY: last seen at 11:36)
PixelJolt99 (OFFLINE: last seen at 02:57)
PixelMage38 (OFFLINE: last seen at 06:55)
PixelMage54 (OFFLINE: last seen at 05:49)
PixelMage59 (OFFLINE: last seen at 09:16)
PixelMage78 (ONLINE)
PixelMage80 (AWAY: last seen at 07:33)
PixelNinja (OFFLINE: last seen at 10:03)
PixelNinja12 (ONLINE)
PixelNinja14 (AWAY: last seen at 09:14)
PixelNinja21 (AWAY: last seen at 10:06)
PixelNinja45 (ONLINE)
PixelNinja62 (AWAY: last seen at 11:34)
PixelNinja76 (OFFLINE: last seen 1 days ago)
PixelNinja99 (ONLINE)
PixelPilot (ONLINE)
PixelPilot12 (OFFLINE: last seen at 08:40)
PixelPilot19 (ONLINE)
PixelPilot47 (AWAY: last seen at 10:31)
PixelPilot52 (AWAY: last seen at 00:33)
PixelPilot74 (ONLINE)
PixelPilot80 (ONLINE)
PixelPilot81 (OFFLINE: last seen at 04:17)
PixelPilot86 (OFFLINE: last seen at 08:29)
PixelPilot90 (ONLINE)
PixelPilot91 (ONLINE)
PixelPioneer (ONLINE)
PixelPioneer13 (OFFLINE: last seen 1 days ago)
PixelPioneer24 (OFFLINE: last seen 1 days ago)
PixelPioneer26 (ONLINE)
PixelPioneer76 (AWAY: last seen at 11:54)
PixelPioneer82 (ONLINE)
PixelQuest48 (OFFLINE: last seen at 10:41)
PixelQuest89 (ONLINE)
PixelQuest95 (AWAY: last seen at 07:33)
PixelQuest99 (ONLINE)
PixelRider (AWAY: last seen at 11:40)
PixelRider67 (ONLINE)
PixelRider73 (ONLINE)
PixelScribe (ONLINE)
PixelScribe29 (ONLINE)
PixelScribe32 (ONLINE)
PixelScribe48 (AWAY: last seen at 10:21)
PixelScribe58 (ONLINE)
PixelScribe79 (AWAY: last seen at 08:52)
PixelScribe92 (ONLINE)
PixelSpark (AWAY: last seen at 11:56)
PixelSpark41 (AWAY: last seen at 10:15)
PixelSpark47 (OFFLINE: last seen 1 days ago)
PixelSpark55 (ONLINE)
PixelSurfer (ONLINE)
PixelSurfer17 (ONLINE)
PixelSurfer39 (OFFLINE: last seen at 07:39)
PixelSurfer66 (OFFLINE: last seen at 07:45)
PixelSurfer74 (OFFLINE: last seen 1 days ago)
PixelSurfer75 (AWAY: last seen at 02:53)
PixelSurfer77 (AWAY: last seen at 10:03)
PixelSurfer83 (OFFLINE: last seen 1 days ago)
PixelSurfer95 (OFFLINE: last seen at 10:39)
PixelSurfer96 (OFFLINE: last seen at 09:19)
PixelWave (ONLINE)
PixelWave19 (AWAY: last seen at 08:00)
PixelWave60 (ONLINE)
PixelWave66 (ONLINE)
PixelWave76 (ONLINE)
PixelWave81 (AWAY: last seen at 08:01)
PixelWave84 (AWAY: last seen at 10:00)
QuantumByte (ONLINE)
QuantumByte32 (AWAY: last seen at 00:54)
QuantumByte48 (ONLINE)
QuantumDreamer (ONLINE)
QuantumDreamer22 (ONLINE)
QuantumDreamer42 (OFFLINE: last seen at 09:42)
QuantumDreamer44 (OFFLINE: last seen at 02:28)
QuantumDreamer70 (AWAY: last seen at 08:18)
QuantumDreamer77 (AWAY: last seen at 00:39)
QuantumDreamer84 (OFFLINE: last seen at 11:52)
QuantumDreamer99 (OFFLINE: last seen at 03:32)
QuantumFlow22 (ONLINE)
QuantumFlow61 (AWAY: last seen at 11:17)
QuantumFlow65 (ONLINE)
QuantumFlow88 (ONLINE)
QuantumFlow97 (AWAY: last seen 1 days ago)
QuantumHunter (AWAY: last seen at 10:31)
QuantumHunter34 (AWAY: last seen at 10:39)
QuantumHunter37 (ONLINE)
QuantumHunter64 (ONLINE)
QuantumHunter66 (AWAY: last seen at 11:15)
QuantumHunter90 (ONLINE)
QuantumJolt (AWAY: last seen at 10:28)
QuantumJolt31 (OFFLINE: last seen at 04:52)
QuantumJolt42 (OFFLINE: last seen at 11:13)
QuantumJolt50 (ONLINE)
QuantumJolt65 (AWAY: last seen at 09:04)
QuantumJolt66 (ONLINE)
QuantumJolt72 (ONLINE)
QuantumMage13 (ONLINE)
QuantumMage39 (ONLINE)
QuantumMage61 (ONLINE)
QuantumMage80 (AWAY: last seen at 11:03)
QuantumMage82 (ONLINE)
QuantumMage85 (AWAY: last seen at 11:33)
QuantumNinja (OFFLINE: last seen at 10:18)
QuantumNinja50 (ONLINE)
QuantumNinja56 (ONLINE)
QuantumNinja68 (ONLINE)
QuantumNinja94 (OFFLINE: last seen at 10:04)
QuantumPilot (ONLINE)
QuantumPilot14 (OFFLINE: last seen at 11:25)
QuantumPilot19 (AWAY: last seen at 02:28)
QuantumPilot28 (OFFLINE: last seen at 08:40)
QuantumPilot45 (OFFLINE: last seen at 09:57)
QuantumPilot82 (ONLINE)
QuantumPilot97 (ONLINE)
QuantumPioneer (OFFLINE: last seen at 11:48)
QuantumPioneer14 (AWAY: last seen at 09:32)
QuantumPioneer23 (ONLINE)
QuantumPioneer25 (ONLINE)
QuantumPioneer26 (ONLINE)
QuantumPioneer28 (ONLINE)
QuantumPioneer32 (ONLINE)
QuantumPioneer39 (ONLINE)
QuantumPioneer71 (AWAY: last seen at 07:55)
QuantumPioneer87 (AWAY: last seen at 09:34)
QuantumQuest12 (ONLINE)
QuantumQuest15 (ONLINE)
QuantumQuest43 (AWAY: last seen at 04:21)
QuantumQuest56 (ONLINE)
QuantumQuest61 (OFFLINE: last seen at 09:44)
QuantumRider (ONLINE)
QuantumRider20 (ONLINE)
QuantumRider30 (ONLINE)
QuantumRider87 (AWAY: last seen at 09:08)
QuantumScribe (ONLINE)
QuantumScribe17 (ONLINE)
QuantumScribe21 (AWAY: last seen at 06:37)
QuantumScribe24 (ONLINE)
QuantumScribe49 (ONLINE)
QuantumScribe84 (ONLINE)
QuantumSpark (ONLINE)
QuantumSpark22 (ONLINE)
QuantumSpark25 (OFFLINE: last seen at 02:35)
QuantumSpark39 (ONLINE)
QuantumSpark67 (OFFLINE: last seen at 03:58)
QuantumSpark76 (OFFLINE: last seen at 05:45)
QuantumSpark77 (AWAY: last seen at 10:31)
QuantumSpark87 (AWAY: last seen at 08:32)
QuantumSpark92 (OFFLINE: last seen at 09:02)
QuantumSurfer (ONLINE)
QuantumSurfer11 (OFFLINE: last seen at 09:04)
QuantumSurfer31 (ONLINE)
QuantumSurfer52 (AWAY: last seen at 11:48)
QuantumSurfer61 (ONLINE)
QuantumSurfer85 (ONLINE)
QuantumWave (OFFLINE: last seen at 10:47)
QuantumWave12 (AWAY: last seen at 09:41)
QuantumWave38 (AWAY: last seen at 06:05)
QuantumWave78 (ONLINE)
QuantumWave97 (OFFLINE: last seen at 11:05)
RoboByte (ONLINE)
RoboByte10 (AWAY: last seen at 03:39)
RoboByte31 (ONLINE)
RoboByte56 (OFFLINE: last seen 1 days ago)
RoboByte58 (OFFLINE: last seen at 05:28)
RoboByte79 (ONLINE)
RoboByte88 (ONLINE)
RoboByte90 (AWAY: last seen at 11:01)
RoboDreamer (ONLINE)
RoboDreamer15 (OFFLINE: last seen at 03:25)
RoboDreamer51 (ONLINE)
RoboDreamer68 (AWAY: last seen at 10:48)
RoboDreamer96 (ONLINE)
RoboFlow (AWAY: last seen at 10:57)
RoboFlow30 (OFFLINE: last seen at 06:56)
RoboFlow36 (ONLINE)
RoboFlow41 (ONLINE)
RoboFlow48 (OFFLINE: last seen at 03:16)
RoboFlow65 (ONLINE)
RoboFlow89 (ONLINE)
RoboFlow92 (OFFLINE: last seen at 04:54)
RoboHunter (ONLINE)
RoboHunter35 (OFFLINE: last seen at 11:13)
RoboHunter59 (OFFLINE: last seen at 11:04)
RoboHunter73 (ONLINE)
RoboHunter82 (AWAY: last seen at 11:42)
RoboJolt (ONLINE)
RoboJolt32 (AWAY: last seen at 10:28)
RoboJolt43 (AWAY: last seen at 11:29)
RoboJolt70 (ONLINE)
RoboJolt76 (ONLINE)
RoboJolt81 (OFFLINE: last seen at 08:11)
RoboMage (OFFLINE: last seen at 10:16)
RoboMage10 (ONLINE)
RoboMage22 (OFFLINE: last seen at 11:16)
RoboMage34 (AWAY: last seen at 10:05)
RoboMage40 (OFFLINE: last seen at 11:44)
RoboMage58 (OFFLINE: last seen at 04:46)
RoboMage70 (ONLINE)
RoboMage83 (OFFLINE: last seen at 05:37)
RoboMage88 (ONLINE)
RoboMage93 (AWAY: last seen at 11:15)
RoboMage98 (ONLINE)
RoboNinja (ONLINE)
RoboNinja11 (ONLINE)
RoboNinja46 (ONLINE)
RoboNinja48 (OFFLINE: last seen at 10:41)
RoboNinja51 (ONLINE)
RoboNinja64 (ONLINE)
RoboNinja94 (ONLINE)
RoboPilot (OFFLINE: last seen at 11:13)
RoboPilot22 (ONLINE)
RoboPilot64 (AWAY: last seen at 10:50)
RoboPilot66 (ONLINE)
RoboPilot78 (OFFLINE: last seen at 04:15)
RoboPioneer (OFFLINE: last seen at 11:07)
RoboPioneer14 (OFFLINE: last seen at 09:33)
RoboPioneer52 (ONLINE)
RoboPioneer81 (ONLINE)
RoboPioneer96 (OFFLINE: last seen at 07:18)
RoboQuest (ONLINE)
RoboQuest45 (OFFLINE: last seen at 09:18)
RoboQuest58 (OFFLINE: last seen at 10:12)
RoboQuest77 (ONLINE)
RoboQuest95 (ONLINE)
RoboRider (OFFLINE: last seen at 11:20)
RoboRider27 (OFFLINE: last seen at 11:01)
RoboRider34 (AWAY: last seen at 11:11)
RoboRider57 (AWAY: last seen at 11:09)
RoboRider70 (OFFLINE: last seen at 09:39)
RoboRider75 (OFFLINE: last seen at 10:23)
RoboRider88 (AWAY: last seen at 11:58)
RoboScribe (ONLINE)
RoboScribe14 (OFFLINE: last seen at 07:12)
RoboScribe33 (OFFLINE: last seen at 11:20)
RoboScribe51 (ONLINE)
RoboScribe71 (ONLINE)
RoboSpark (ONLINE)
RoboSpark13 (OFFLINE: last seen at 11:28)
RoboSpark14 (OFFLINE: last seen at 09:02)
RoboSpark21 (ONLINE)
RoboSpark27 (OFFLINE: last seen at 11:58)
RoboSpark47 (AWAY: last seen at 02:54)
RoboSpark53 (ONLINE)
RoboSpark59 (OFFLINE: last seen at 08:46)
RoboSpark61 (AWAY: last seen at 09:27)
RoboSurfer32 (ONLINE)
RoboSurfer35 (AWAY: last seen at 11:33)
RoboSurfer43 (AWAY: last seen at 11:36)
RoboSurfer49 (AWAY: last seen at 02:24)
RoboSurfer76 (AWAY: last seen at 06:42)
RoboSurfer82 (ONLINE)
RoboWave (ONLINE)
RoboWave14 (OFFLINE: last seen at 11:33)
RoboWave19 (ONLINE)
RoboWave45 (OFFLINE: last seen at 06:58)
RoboWave81 (ONLINE)
RoboWave90 (ONLINE)
RoboWave91 (OFFLINE: last seen at 09:57)
StarByte (ONLINE)
StarByte34 (AWAY: last seen at 10:15)
StarByte48 (ONLINE)
StarByte60 (AWAY: last seen at 08:36)
StarByte68 (OFFLINE: last seen 1 days ago)
StarByte79 (ONLINE)
StarDreamer (ONLINE)
StarDreamer12 (ONLINE)
StarDreamer46 (ONLINE)
StarDreamer59 (ONLINE)
StarDreamer60 (AWAY: last seen at 08:08)
StarDreamer63 (ONLINE)
StarDreamer88 (ONLINE)
StarDreamer91 (OFFLINE: last seen at 04:39)
StarDreamer92 (ONLINE)
StarFlow (ONLINE)
StarFlow68 (AWAY: last seen at 07:22)
StarFlow72 (AWAY: last seen at 07:56)
StarFlow88 (ONLINE)
StarHunter23 (ONLINE)
StarHunter41 (ONLINE)
StarHunter43 (ONLINE)
StarHunter72 (OFFLINE: last seen at 07:00)
StarHunter80 (OFFLINE: last seen at 10:26)
StarJolt (ONLINE)
StarJolt16 (ONLINE)
StarJolt21 (OFFLINE: last seen at 08:11)
StarJolt22 (AWAY: last seen at 11:20)
StarJolt23 (OFFLINE: last seen at 09:45)
StarJolt68 (ONLINE)
StarJolt76 (OFFLINE: last seen at 09:35)
StarJolt82 (AWAY: last seen at 06:56)
StarJolt97 (AWAY: last seen at 10:36)
StarMage (OFFLINE: last seen at 11:39)
StarMage19 (ONLINE)
StarMage23 (ONLINE)
StarMage24 (ONLINE)
StarMage25 (AWAY: last seen 1 days ago)
StarMage26 (AWAY: last seen at 10:40)
StarMage58 (AWAY: last seen at 09:09)
StarMage62 (OFFLINE: last seen at 11:14)
StarMage69 (ONLINE)
StarMage86 (OFFLINE: last seen at 09:45)
StarMage87 (OFFLINE: last seen at 11:06)
StarMage96 (AWAY: last seen at 11:36)
StarNinja (OFFLINE: last seen at 11:31)
StarNinja31 (OFFLINE: last seen at 11:05)
StarNinja43 (ONLINE)
StarNinja83 (ONLINE)
StarNinja87 (OFFLINE: last seen at 02:37)
StarPilot (ONLINE)
StarPilot30 (OFFLINE: last seen at 05:03)
StarPilot36 (OFFLINE: last seen at 09:53)
StarPilot44 (OFFLINE: last seen at 11:52)
StarPilot46 (OFFLINE: last seen at 08:56)
StarPilot58 (OFFLINE: last seen at 09:04)
StarPilot61 (ONLINE)
StarPioneer (ONLINE)
StarPioneer15 (ONLINE)
StarPioneer16 (AWAY: last seen at 04:37)
StarPioneer19 (AWAY: last seen at 08:04)
StarPioneer21 (AWAY: last seen at 11:28)
StarPioneer32 (AWAY: last seen at 04:59)
StarPioneer75 (AWAY: last seen at 04:03)
StarQuest (OFFLINE: last seen at 11:31)
StarQuest46 (AWAY: last seen at 07:31)
StarQuest63 (ONLINE)
StarQuest69 (ONLINE)
StarQuest95 (AWAY: last seen at 06:44)
StarRider (OFFLINE: last seen at 10:51)
StarRider10 (ONLINE)
StarRider18 (AWAY: last seen at 06:02)
StarRider21 (OFFLINE: last seen at 10:38)
StarRider22 (OFFLINE: last seen at 06:22)
StarRider98 (AWAY: last seen 1 days ago)
StarScribe (OFFLINE: last seen at 07:33)
StarScribe31 (AWAY: last seen at 11:06)
StarScribe54 (ONLINE)
StarScribe59 (AWAY: last seen at 11:34)
StarScribe74 (ONLINE)
StarScribe92 (AWAY: last seen at 09:46)
StarSpark (AWAY: last seen at 10:58)
StarSpark26 (ONLINE)
StarSpark42 (ONLINE)
StarSpark56 (OFFLINE: last seen at 04:21)
StarSpark60 (AWAY: last seen at 09:18)
StarSpark83 (OFFLINE: last seen at 10:40)
StarSpark84 (ONLINE)
StarSurfer (AWAY: last seen at 01:27)
StarSurfer30 (ONLINE)
StarSurfer60 (ONLINE)
StarSurfer77 (AWAY: last seen at 03:32)
StarSurfer96 (OFFLINE: last seen at 08:08)
StarWave (ONLINE)
StarWave13 (ONLINE)
StarWave27 (OFFLINE: last seen at 07:24)
StarWave29 (AWAY: last seen at 06:03)
StarWave37 (AWAY: last seen at 06:22)
StarWave81 (ONLINE)
StarWave90 (ONLINE)
SynthByte (AWAY: last seen at 07:03)
SynthByte29 (AWAY: last seen at 05:24)
SynthByte40 (OFFLINE: last seen at 09:17)
SynthByte87 (AWAY: last seen at 07:16)
SynthDreamer (ONLINE)
SynthDreamer14 (ONLINE)
SynthDreamer16 (ONLINE)
SynthDreamer40 (ONLINE)
SynthDreamer43 (AWAY: last seen at 11:46)
SynthDreamer44 (ONLINE)
SynthDreamer57 (AWAY: last seen at 02:44)
SynthDreamer89 (AWAY: last seen at 10:21)
SynthDreamer95 (ONLINE)
SynthFlow (ONLINE)
SynthFlow26 (ONLINE)
SynthFlow37 (AWAY: last seen at 10:49)
SynthFlow43 (OFFLINE: last seen at 11:51)
SynthFlow87 (AWAY: last seen at 06:45)
SynthFlow93 (OFFLINE: last seen at 11:33)
SynthHunter (ONLINE)
SynthHunter28 (ONLINE)
SynthHunter53 (ONLINE)
SynthHunter72 (OFFLINE: last seen at 10:52)
SynthHunter83 (ONLINE)
SynthJolt (ONLINE)
SynthJolt16 (ONLINE)
SynthJolt35 (ONLINE)
SynthJolt42 (AWAY: last seen at 10:58)
SynthJolt52 (AWAY: last seen at 10:45)
SynthJolt68 (OFFLINE: last seen at 08:53)
SynthMage (ONLINE)
SynthMage23 (AWAY: last seen at 09:56)
SynthMage35 (OFFLINE: last seen at 05:35)
SynthMage45 (ONLINE)
SynthMage96 (AWAY: last seen at 07:26)
SynthNinja (AWAY: last seen at 10:14)
SynthNinja31 (OFFLINE: last seen 1 days ago)
SynthNinja42 (OFFLINE: last seen at 09:16)
SynthNinja54 (ONLINE)
SynthNinja58 (OFFLINE: last seen at 10:41)
SynthNinja69 (ONLINE)
SynthNinja70 (AWAY: last seen at 09:50)
SynthNinja79 (AWAY: last seen at 11:11)
SynthPilot (ONLINE)
SynthPilot22 (OFFLINE: last seen at 10:55)
SynthPilot42 (ONLINE)
SynthPilot46 (ONLINE)
SynthPilot49 (ONLINE)
SynthPilot50 (OFFLINE: last seen at 11:27)
SynthPilot76 (ONLINE)
SynthPioneer (ONLINE)
SynthPioneer53 (AWAY: last seen at 07:43)
SynthPioneer63 (ONLINE)
SynthQuest (AWAY: last seen at 10:41)
SynthQuest14 (ONLINE)
SynthQuest18 (ONLINE)
SynthQuest23 (AWAY: last seen at 11:21)
SynthQuest32 (AWAY: last seen at 09:32)
SynthQuest43 (ONLINE)
SynthQuest56 (ONLINE)
SynthQuest77 (AWAY: last seen 1 days ago)
SynthQuest79 (OFFLINE: last seen at 09:26)
SynthRider10 (ONLINE)
SynthRider23 (ONLINE)
SynthRider34 (OFFLINE: last seen at 09:23)
SynthRider36 (ONLINE)
SynthRider49 (ONLINE)
SynthRider57 (OFFLINE: last seen at 09:08)
SynthRider78 (ONLINE)
SynthScribe (ONLINE)
SynthScribe27 (OFFLINE: last seen at 06:13)
SynthScribe31 (ONLINE)
SynthScribe39 (AWAY: last seen at 10:18)
SynthScribe71 (OFFLINE: last seen at 06:26)
SynthScribe74 (ONLINE)
SynthScribe95 (ONLINE)
SynthSpark (ONLINE)
SynthSpark24 (AWAY: last seen at 04:30)
SynthSpark29 (ONLINE)
SynthSpark30 (ONLINE)
SynthSpark67 (ONLINE)
SynthSpark77 (ONLINE)
SynthSurfer (OFFLINE: last seen at 09:21)
SynthSurfer11 (OFFLINE: last seen 1 days ago)
SynthSurfer12 (OFFLINE: last seen 1 days ago)
SynthSurfer20 (ONLINE)
SynthSurfer25 (AWAY: last seen at 05:31)
SynthSurfer28 (OFFLINE: last seen at 10:07)
SynthSurfer56 (ONLINE)
SynthSurfer69 (ONLINE)
SynthSurfer72 (ONLINE)
SynthWave (ONLINE)
SynthWave42 (ONLINE)
SynthWave45 (OFFLINE: last seen 1 days ago)
SynthWave58 (OFFLINE: last seen at 11:26)
SynthWave63 (ONLINE)
SynthWave83 (AWAY: last seen at 08:13)
SynthWave84 (ONLINE)
TechByte25 (ONLINE)
TechByte29 (ONLINE)
TechByte47 (ONLINE)
TechDreamer (OFFLINE: last seen at 11:20)
TechDreamer13 (AWAY: last seen at 08:32)
TechDreamer15 (OFFLINE: last seen at 04:46)
TechDreamer43 (ONLINE)
TechDreamer55 (ONLINE)
TechDreamer74 (ONLINE)
TechDreamer75 (OFFLINE: last seen 1 days ago)
TechDreamer91 (AWAY: last seen at 07:29)
TechDreamer92 (OFFLINE: last seen at 08:49)
TechDreamer99 (ONLINE)
TechFlow (ONLINE)
TechFlow21 (AWAY: last seen at 09:08)
TechFlow24 (AWAY: last seen at 02:51)
TechFlow34 (AWAY: last seen at 10:29)
TechFlow55 (ONLINE)
TechFlow58 (AWAY: last seen at 11:37)
TechFlow93 (ONLINE)
TechHunter (OFFLINE: last seen at 11:03)
TechHunter20 (ONLINE)
TechHunter25 (AWAY: last seen at 10:14)
TechHunter43 (ONLINE)
TechHunter74 (AWAY: last seen at 11:13)
TechHunter81 (ONLINE)
TechHunter94 (OFFLINE: last seen at 10:29)
TechJolt (ONLINE)
TechJolt18 (ONLINE)
TechJolt27 (AWAY: last seen at 05:21)
TechJolt36 (AWAY: last seen at 10:39)
TechJolt38 (ONLINE)
TechJolt40 (ONLINE)
TechJolt45 (ONLINE)
TechJolt99 (OFFLINE: last seen 1 days ago)
TechMage (ONLINE)
TechMage22 (ONLINE)
TechMage36 (ONLINE)
TechMage63 (OFFLINE: last seen at 10:16)
TechMage82 (ONLINE)
TechMage87 (AWAY: last seen at 10:37)
TechMage96 (AWAY: last seen at 07:42)
TechNinja (ONLINE)
TechNinja31 (AWAY: last seen at 03:51)
TechNinja37 (AWAY: last seen at 04:21)
TechNinja57 (ONLINE)
TechNinja83 (ONLINE)
TechNinja96 (AWAY: last seen at 08:25)
TechPilot (ONLINE)
TechPilot10 (ONLINE)
TechPilot39 (ONLINE)
TechPilot70 (ONLINE)
TechPilot90 (ONLINE)
TechPilot93 (ONLINE)
TechPilot94 (AWAY: last seen at 10:09)
TechPilot97 (AWAY: last seen at 09:00)
TechPioneer (ONLINE)
TechPioneer74 (ONLINE)
TechPioneer79 (ONLINE)
TechPioneer80 (OFFLINE: last seen at 10:25)
TechQuest (ONLINE)
TechQuest19 (AWAY: last seen at 05:57)
TechQuest28 (AWAY: last seen at 07:54)
TechQuest42 (AWAY: last seen at 04:29)
TechQuest50 (AWAY: last seen at 10:16)
TechQuest73 (AWAY: last seen at 10:20)
TechQuest98 (AWAY: last seen at 09:55)
TechRider (ONLINE)
TechRider51 (OFFLINE: last seen at 01:52)
TechRider67 (AWAY: last seen at 06:24)
TechRider70 (OFFLINE: last seen at 06:14)
TechRider71 (OFFLINE: last seen at 01:35)
TechRider99 (OFFLINE: last seen at 06:21)
TechScribe (ONLINE)
TechScribe33 (OFFLINE: last seen at 08:42)
TechScribe62 (ONLINE)
TechScribe79 (ONLINE)
TechSpark (ONLINE)
TechSpark37 (AWAY: last seen at 10:49)
TechSpark38 (AWAY: last seen at 07:44)
TechSpark50 (OFFLINE: last seen at 07:27)
TechSpark88 (ONLINE)
TechSpark90 (AWAY: last seen at 09:43)
TechSurfer (ONLINE)
TechSurfer61 (ONLINE)
TechSurfer72 (AWAY: last seen at 09:31)
TechSurfer84 (ONLINE)
TechSurfer85 (AWAY: last seen at 09:56)
TechSurfer93 (ONLINE)
TechSurfer98 (OFFLINE: last seen 1 days ago)
TechWave (AWAY: last seen at 10:13)
TechWave27 (OFFLINE: last seen at 11:16)
TechWave29 (ONLINE)
TechWave38 (ONLINE)
TechWave52 (ONLINE)
TechWave65 (OFFLINE: last seen at 06:52)
TechWave80 (ONLINE)
